  corrector.cpp
h:\projectsofvs2017\fisheyeadjust\fisheyeadjust\corrector.cpp(43): warning C4244: “初始化”: 从“double”转换到“int”，可能丢失数据
h:\projectsofvs2017\fisheyeadjust\fisheyeadjust\corrector.cpp(73): warning C4244: “=”: 从“double”转换到“int”，可能丢失数据
h:\projectsofvs2017\fisheyeadjust\fisheyeadjust\corrector.cpp(74): warning C4244: “=”: 从“double”转换到“int”，可能丢失数据
h:\projectsofvs2017\fisheyeadjust\fisheyeadjust\corrector.cpp(102): warning C4244: “参数”: 从“double”转换到“float”，可能丢失数据
h:\projectsofvs2017\fisheyeadjust\fisheyeadjust\corrector.cpp(108): warning C4244: “初始化”: 从“double”转换到“int”，可能丢失数据
h:\projectsofvs2017\fisheyeadjust\fisheyeadjust\corrector.cpp(109): warning C4244: “初始化”: 从“double”转换到“int”，可能丢失数据
h:\projectsofvs2017\fisheyeadjust\fisheyeadjust\corrector.cpp(165): warning C4244: “参数”: 从“double”转换到“_Tp”，可能丢失数据
          with
          [
              _Tp=int
          ]
h:\projectsofvs2017\fisheyeadjust\fisheyeadjust\corrector.cpp(178): warning C4244: “参数”: 从“double”转换到“int”，可能丢失数据
h:\projectsofvs2017\fisheyeadjust\fisheyeadjust\corrector.cpp(196): warning C4244: “初始化”: 从“double”转换到“int”，可能丢失数据
h:\projectsofvs2017\fisheyeadjust\fisheyeadjust\corrector.cpp(261): warning C4244: “参数”: 从“double”转换到“float”，可能丢失数据
h:\projectsofvs2017\fisheyeadjust\fisheyeadjust\corrector.cpp(275): warning C4244: “参数”: 从“double”转换到“float”，可能丢失数据
h:\projectsofvs2017\fisheyeadjust\fisheyeadjust\corrector.cpp(279): warning C4244: “=”: 从“double”转换到“int”，可能丢失数据
h:\projectsofvs2017\fisheyeadjust\fisheyeadjust\corrector.cpp(280): warning C4244: “=”: 从“double”转换到“int”，可能丢失数据
h:\projectsofvs2017\fisheyeadjust\fisheyeadjust\corrector.cpp(311): warning C4244: “参数”: 从“double”转换到“float”，可能丢失数据
h:\projectsofvs2017\fisheyeadjust\fisheyeadjust\corrector.cpp(326): warning C4244: “=”: 从“double”转换到“int”，可能丢失数据
h:\projectsofvs2017\fisheyeadjust\fisheyeadjust\corrector.cpp(327): warning C4244: “=”: 从“double”转换到“int”，可能丢失数据
h:\projectsofvs2017\fisheyeadjust\fisheyeadjust\corrector.cpp(210): warning C4101: “r”: 未引用的局部变量
h:\projectsofvs2017\fisheyeadjust\fisheyeadjust\corrector.cpp(427): warning C4244: “参数”: 从“int”转换到“_Tp”，可能丢失数据
          with
          [
              _Tp=float
          ]
h:\projectsofvs2017\fisheyeadjust\fisheyeadjust\corrector.cpp(432): warning C4305: “初始化”: 从“double”到“float”截断
h:\projectsofvs2017\fisheyeadjust\fisheyeadjust\corrector.cpp(438): warning C4244: “/=”: 从“double”转换到“_Tp”，可能丢失数据
          with
          [
              _Tp=float
          ]
h:\projectsofvs2017\fisheyeadjust\fisheyeadjust\corrector.cpp(439): warning C4244: “/=”: 从“double”转换到“_Tp”，可能丢失数据
          with
          [
              _Tp=float
          ]
h:\projectsofvs2017\fisheyeadjust\fisheyeadjust\corrector.cpp(440): warning C4244: “/=”: 从“double”转换到“_Tp”，可能丢失数据
          with
          [
              _Tp=float
          ]
h:\projectsofvs2017\fisheyeadjust\fisheyeadjust\corrector.cpp(472): warning C4244: “参数”: 从“double”转换到“float”，可能丢失数据
h:\projectsofvs2017\fisheyeadjust\fisheyeadjust\corrector.cpp(511): warning C4244: “参数”: 从“double”转换到“_Tp”，可能丢失数据
          with
          [
              _Tp=int
          ]
h:\projectsofvs2017\fisheyeadjust\fisheyeadjust\corrector.cpp(407): warning C4101: “v_latitude”: 未引用的局部变量
h:\projectsofvs2017\fisheyeadjust\fisheyeadjust\corrector.cpp(407): warning C4101: “u_latitude”: 未引用的局部变量
h:\projectsofvs2017\fisheyeadjust\fisheyeadjust\corrector.cpp(389): warning C4101: “r”: 未引用的局部变量
h:\projectsofvs2017\fisheyeadjust\fisheyeadjust\corrector.cpp(605): warning C4244: “参数”: 从“int”转换到“_Tp”，可能丢失数据
          with
          [
              _Tp=float
          ]
h:\projectsofvs2017\fisheyeadjust\fisheyeadjust\corrector.cpp(612): warning C4244: “/=”: 从“double”转换到“_Tp”，可能丢失数据
          with
          [
              _Tp=float
          ]
h:\projectsofvs2017\fisheyeadjust\fisheyeadjust\corrector.cpp(613): warning C4244: “/=”: 从“double”转换到“_Tp”，可能丢失数据
          with
          [
              _Tp=float
          ]
h:\projectsofvs2017\fisheyeadjust\fisheyeadjust\corrector.cpp(614): warning C4244: “/=”: 从“double”转换到“_Tp”，可能丢失数据
          with
          [
              _Tp=float
          ]
h:\projectsofvs2017\fisheyeadjust\fisheyeadjust\corrector.cpp(645): warning C4244: “参数”: 从“double”转换到“_Tp”，可能丢失数据
          with
          [
              _Tp=float
          ]
h:\projectsofvs2017\fisheyeadjust\fisheyeadjust\corrector.cpp(659): warning C4244: “参数”: 从“double”转换到“_Tp”，可能丢失数据
          with
          [
              _Tp=float
          ]
h:\projectsofvs2017\fisheyeadjust\fisheyeadjust\corrector.cpp(660): warning C4244: “参数”: 从“double”转换到“_Tp”，可能丢失数据
          with
          [
              _Tp=float
          ]
h:\projectsofvs2017\fisheyeadjust\fisheyeadjust\corrector.cpp(661): warning C4244: “参数”: 从“double”转换到“_Tp”，可能丢失数据
          with
          [
              _Tp=float
          ]
h:\projectsofvs2017\fisheyeadjust\fisheyeadjust\corrector.cpp(681): warning C4244: “参数”: 从“double”转换到“float”，可能丢失数据
h:\projectsofvs2017\fisheyeadjust\fisheyeadjust\corrector.cpp(720): warning C4244: “参数”: 从“double”转换到“_Tp”，可能丢失数据
          with
          [
              _Tp=int
          ]
h:\projectsofvs2017\fisheyeadjust\fisheyeadjust\corrector.cpp(585): warning C4101: “v_latitude”: 未引用的局部变量
h:\projectsofvs2017\fisheyeadjust\fisheyeadjust\corrector.cpp(585): warning C4101: “u_latitude”: 未引用的局部变量
h:\projectsofvs2017\fisheyeadjust\fisheyeadjust\corrector.cpp(567): warning C4101: “r”: 未引用的局部变量
h:\projectsofvs2017\fisheyeadjust\fisheyeadjust\corrector.cpp(871): warning C4244: “参数”: 从“int”转换到“_Tp”，可能丢失数据
          with
          [
              _Tp=float
          ]
h:\projectsofvs2017\fisheyeadjust\fisheyeadjust\corrector.cpp(878): warning C4244: “/=”: 从“double”转换到“_Tp”，可能丢失数据
          with
          [
              _Tp=float
          ]
h:\projectsofvs2017\fisheyeadjust\fisheyeadjust\corrector.cpp(879): warning C4244: “/=”: 从“double”转换到“_Tp”，可能丢失数据
          with
          [
              _Tp=float
          ]
h:\projectsofvs2017\fisheyeadjust\fisheyeadjust\corrector.cpp(880): warning C4244: “/=”: 从“double”转换到“_Tp”，可能丢失数据
          with
          [
              _Tp=float
          ]
h:\projectsofvs2017\fisheyeadjust\fisheyeadjust\corrector.cpp(910): warning C4244: “参数”: 从“double”转换到“_Tp”，可能丢失数据
          with
          [
              _Tp=float
          ]
h:\projectsofvs2017\fisheyeadjust\fisheyeadjust\corrector.cpp(924): warning C4244: “参数”: 从“double”转换到“_Tp”，可能丢失数据
          with
          [
              _Tp=float
          ]
h:\projectsofvs2017\fisheyeadjust\fisheyeadjust\corrector.cpp(925): warning C4244: “参数”: 从“double”转换到“_Tp”，可能丢失数据
          with
          [
              _Tp=float
          ]
h:\projectsofvs2017\fisheyeadjust\fisheyeadjust\corrector.cpp(926): warning C4244: “参数”: 从“double”转换到“_Tp”，可能丢失数据
          with
          [
              _Tp=float
          ]
h:\projectsofvs2017\fisheyeadjust\fisheyeadjust\corrector.cpp(946): warning C4244: “参数”: 从“double”转换到“float”，可能丢失数据
h:\projectsofvs2017\fisheyeadjust\fisheyeadjust\corrector.cpp(985): warning C4244: “参数”: 从“double”转换到“_Tp”，可能丢失数据
          with
          [
              _Tp=int
          ]
h:\projectsofvs2017\fisheyeadjust\fisheyeadjust\corrector.cpp(849): warning C4101: “v_latitude”: 未引用的局部变量
h:\projectsofvs2017\fisheyeadjust\fisheyeadjust\corrector.cpp(849): warning C4101: “u_latitude”: 未引用的局部变量
h:\projectsofvs2017\fisheyeadjust\fisheyeadjust\corrector.cpp(831): warning C4101: “r”: 未引用的局部变量
h:\projectsofvs2017\fisheyeadjust\fisheyeadjust\corrector.cpp(1163): warning C4244: “参数”: 从“double”转换到“float”，可能丢失数据
h:\projectsofvs2017\fisheyeadjust\fisheyeadjust\corrector.cpp(1179): warning C4244: “参数”: 从“double”转换到“float”，可能丢失数据
h:\projectsofvs2017\fisheyeadjust\fisheyeadjust\corrector.cpp(1192): warning C4244: “=”: 从“double”转换到“int”，可能丢失数据
h:\projectsofvs2017\fisheyeadjust\fisheyeadjust\corrector.cpp(1194): warning C4244: “=”: 从“double”转换到“int”，可能丢失数据
h:\projectsofvs2017\fisheyeadjust\fisheyeadjust\corrector.cpp(1113): warning C4101: “r”: 未引用的局部变量
  fisheyeAdjust.vcxproj -> H:\ProjectsOfVS2017\fisheyeAdjust\x64\Debug\fisheyeAdjust.exe
